0 info it worked if it ends with ok
1 verbose cli [ '/usr/bin/nodejs', '/usr/bin/npm', 'install', 'mcrypt' ]
2 info using npm@1.4.21
3 info using node@v0.10.29
4 warn package.json chat@0.0.1 No repository field.
5 warn package.json chat@0.0.1 No README data
6 verbose readDependencies using package.json deps
7 verbose cache add [ 'mcrypt', null ]
8 verbose cache add name=undefined spec="mcrypt" args=["mcrypt",null]
9 verbose parsed url { protocol: null,
9 verbose parsed url   slashes: null,
9 verbose parsed url   auth: null,
9 verbose parsed url   host: null,
9 verbose parsed url   port: null,
9 verbose parsed url   hostname: null,
9 verbose parsed url   hash: null,
9 verbose parsed url   search: null,
9 verbose parsed url   query: null,
9 verbose parsed url   pathname: 'mcrypt',
9 verbose parsed url   path: 'mcrypt',
9 verbose parsed url   href: 'mcrypt' }
10 silly lockFile cad908e5-mcrypt mcrypt
11 verbose lock mcrypt /home/zurahn/.npm/cad908e5-mcrypt.lock
12 silly lockFile cad908e5-mcrypt mcrypt
13 silly lockFile cad908e5-mcrypt mcrypt
14 verbose addNamed [ 'mcrypt', '' ]
15 verbose addNamed [ null, '*' ]
16 silly lockFile 893ef481-mcrypt mcrypt@
17 verbose lock mcrypt@ /home/zurahn/.npm/893ef481-mcrypt.lock
18 silly addNameRange { name: 'mcrypt', range: '*', hasData: false }
19 verbose request where is /mcrypt
20 verbose request registry https://registry.npmjs.org/
21 verbose request id 642b5805de2875c8
22 verbose url raw /mcrypt
23 verbose url resolving [ 'https://registry.npmjs.org/', './mcrypt' ]
24 verbose url resolved https://registry.npmjs.org/mcrypt
25 verbose request where is https://registry.npmjs.org/mcrypt
26 info trying registry request attempt 1 at 02:40:28
27 http GET https://registry.npmjs.org/mcrypt
28 http 200 https://registry.npmjs.org/mcrypt
29 silly registry.get cb [ 200,
29 silly registry.get   { date: 'Sat, 01 Nov 2014 06:40:23 GMT',
29 silly registry.get     server: 'CouchDB/1.5.0 (Erlang OTP/R16B03)',
29 silly registry.get     etag: '"7DYE5LCGL7GM7BUE02U2GIOQT"',
29 silly registry.get     'content-type': 'application/json',
29 silly registry.get     'cache-control': 'max-age=60',
29 silly registry.get     'content-length': '15404',
29 silly registry.get     'accept-ranges': 'bytes',
29 silly registry.get     via: '1.1 varnish',
29 silly registry.get     age: '0',
29 silly registry.get     'x-served-by': 'cache-ord1733-ORD',
29 silly registry.get     'x-cache': 'MISS',
29 silly registry.get     'x-cache-hits': '0',
29 silly registry.get     'x-timer': 'S1414824023.764754,VS0,VE161',
29 silly registry.get     vary: 'Accept',
29 silly registry.get     'keep-alive': 'timeout=10, max=50',
29 silly registry.get     connection: 'Keep-Alive' } ]
30 silly addNameRange number 2 { name: 'mcrypt', range: '*', hasData: true }
31 silly addNameRange versions [ 'mcrypt',
31 silly addNameRange   [ '0.0.1', '0.0.2', '0.0.3', '0.0.4', '0.0.5', '0.0.6', '0.0.7' ] ]
32 verbose addNamed [ 'mcrypt', '0.0.7' ]
33 verbose addNamed [ '0.0.7', '0.0.7' ]
34 silly lockFile 474bd8a8-mcrypt-0-0-7 mcrypt@0.0.7
35 verbose lock mcrypt@0.0.7 /home/zurahn/.npm/474bd8a8-mcrypt-0-0-7.lock
36 silly lockFile a8e3374a-pmjs-org-mcrypt-mcrypt-0-0-7-tgz https://registry.npmjs.org/mcrypt/-/mcrypt-0.0.7.tgz
37 verbose lock https://registry.npmjs.org/mcrypt/-/mcrypt-0.0.7.tgz /home/zurahn/.npm/a8e3374a-pmjs-org-mcrypt-mcrypt-0-0-7-tgz.lock
38 verbose addRemoteTarball [ 'https://registry.npmjs.org/mcrypt/-/mcrypt-0.0.7.tgz',
38 verbose addRemoteTarball   '30e1e7ab183bc0d3135d4f8a22176b58138f52ac' ]
39 info retry fetch attempt 1 at 02:40:28
40 verbose fetch to= /tmp/npm-15689-TwlbCnqP/registry.npmjs.org/mcrypt/-/mcrypt-0.0.7.tgz
41 http GET https://registry.npmjs.org/mcrypt/-/mcrypt-0.0.7.tgz
42 http 200 https://registry.npmjs.org/mcrypt/-/mcrypt-0.0.7.tgz
43 silly lockFile a8e3374a-pmjs-org-mcrypt-mcrypt-0-0-7-tgz https://registry.npmjs.org/mcrypt/-/mcrypt-0.0.7.tgz
44 silly lockFile a8e3374a-pmjs-org-mcrypt-mcrypt-0-0-7-tgz https://registry.npmjs.org/mcrypt/-/mcrypt-0.0.7.tgz
45 silly lockFile 474bd8a8-mcrypt-0-0-7 mcrypt@0.0.7
46 silly lockFile 474bd8a8-mcrypt-0-0-7 mcrypt@0.0.7
47 silly lockFile 893ef481-mcrypt mcrypt@
48 silly lockFile 893ef481-mcrypt mcrypt@
49 silly resolved [ { name: 'mcrypt',
49 silly resolved     version: '0.0.7',
49 silly resolved     description: 'MCrypt bindings',
49 silly resolved     keywords: [ 'mcrypt', 'crypto' ],
49 silly resolved     homepage: 'https://github.com/tugrul/node-mcrypt',
49 silly resolved     author: { name: 'Tuğrul Topuz', email: 'tugrultopuz@gmail.com' },
49 silly resolved     bugs: { url: 'https://github.com/tugrul/node-mcrypt/issues' },
49 silly resolved     license: 'MIT',
49 silly resolved     repository:
49 silly resolved      { type: 'git',
49 silly resolved        url: 'https://github.com/tugrul/node-mcrypt.git' },
49 silly resolved     scripts:
49 silly resolved      { install: 'node-gyp rebuild --release',
49 silly resolved        preuninstall: 'rm -rf build/*' },
49 silly resolved     engines: { node: '>=0.8.0' },
49 silly resolved     devDependencies: { 'node-gyp': '*' },
49 silly resolved     main: './build/Release/mcrypt',
49 silly resolved     _id: 'mcrypt@0.0.7',
49 silly resolved     dist:
49 silly resolved      { shasum: '30e1e7ab183bc0d3135d4f8a22176b58138f52ac',
49 silly resolved        tarball: 'http://registry.npmjs.org/mcrypt/-/mcrypt-0.0.7.tgz' },
49 silly resolved     _from: 'mcrypt@',
49 silly resolved     _npmVersion: '1.3.14',
49 silly resolved     _npmUser: { name: 'tugrul', email: 'tugrultopuz@gmail.com' },
49 silly resolved     maintainers: [ [Object] ],
49 silly resolved     directories: {},
49 silly resolved     _shasum: '30e1e7ab183bc0d3135d4f8a22176b58138f52ac',
49 silly resolved     _resolved: 'https://registry.npmjs.org/mcrypt/-/mcrypt-0.0.7.tgz' } ]
50 info install mcrypt@0.0.7 into /home/zurahn/Documents/PHP/thevgpress/app/nodejs
51 info installOne mcrypt@0.0.7
52 verbose node_modules/mcrypt unbuild
53 verbose tar unpack /home/zurahn/.npm/mcrypt/0.0.7/package.tgz
54 silly lockFile 966f4653-s-app-nodejs-node-modules-mcrypt tar:///home/zurahn/Documents/PHP/thevgpress/app/nodejs/node_modules/mcrypt
55 verbose lock tar:///home/zurahn/Documents/PHP/thevgpress/app/nodejs/node_modules/mcrypt /home/zurahn/.npm/966f4653-s-app-nodejs-node-modules-mcrypt.lock
56 silly lockFile 81d60ec5-ahn-npm-mcrypt-0-0-7-package-tgz tar:///home/zurahn/.npm/mcrypt/0.0.7/package.tgz
57 verbose lock tar:///home/zurahn/.npm/mcrypt/0.0.7/package.tgz /home/zurahn/.npm/81d60ec5-ahn-npm-mcrypt-0-0-7-package-tgz.lock
58 silly gunzTarPerm modes [ '755', '644' ]
59 silly gunzTarPerm extractEntry package.json
60 silly gunzTarPerm extractEntry .npmignore
61 silly gunzTarPerm extractEntry README.md
62 silly gunzTarPerm extractEntry LICENSE
63 silly gunzTarPerm extractEntry binding.gyp
64 silly gunzTarPerm extractEntry src/mcrypt.cc
65 silly gunzTarPerm extractEntry src/mcrypt.h
66 silly gunzTarPerm extractEntry test/test.js
67 silly lockFile 966f4653-s-app-nodejs-node-modules-mcrypt tar:///home/zurahn/Documents/PHP/thevgpress/app/nodejs/node_modules/mcrypt
68 silly lockFile 966f4653-s-app-nodejs-node-modules-mcrypt tar:///home/zurahn/Documents/PHP/thevgpress/app/nodejs/node_modules/mcrypt
69 silly lockFile 81d60ec5-ahn-npm-mcrypt-0-0-7-package-tgz tar:///home/zurahn/.npm/mcrypt/0.0.7/package.tgz
70 silly lockFile 81d60ec5-ahn-npm-mcrypt-0-0-7-package-tgz tar:///home/zurahn/.npm/mcrypt/0.0.7/package.tgz
71 info preinstall mcrypt@0.0.7
72 verbose readDependencies using package.json deps
73 verbose readDependencies using package.json deps
74 silly resolved []
75 verbose about to build /home/zurahn/Documents/PHP/thevgpress/app/nodejs/node_modules/mcrypt
76 info build /home/zurahn/Documents/PHP/thevgpress/app/nodejs/node_modules/mcrypt
77 verbose linkStuff [ false,
77 verbose linkStuff   false,
77 verbose linkStuff   false,
77 verbose linkStuff   '/home/zurahn/Documents/PHP/thevgpress/app/nodejs/node_modules' ]
78 info linkStuff mcrypt@0.0.7
79 verbose linkBins mcrypt@0.0.7
80 verbose linkMans mcrypt@0.0.7
81 verbose rebuildBundles mcrypt@0.0.7
82 info install mcrypt@0.0.7
83 verbose unsafe-perm in lifecycle true
84 info mcrypt@0.0.7 Failed to exec install script
85 verbose node_modules/mcrypt unbuild
86 warn This failure might be due to the use of legacy binary "node"
87 warn For further explanations, please read
/usr/share/doc/nodejs/README.Debian
88 info preuninstall mcrypt@0.0.7
89 verbose unsafe-perm in lifecycle true
90 info uninstall mcrypt@0.0.7
91 verbose true,/home/zurahn/Documents/PHP/thevgpress/app/nodejs/node_modules,/home/zurahn/Documents/PHP/thevgpress/app/nodejs/node_modules unbuild mcrypt@0.0.7
92 info postuninstall mcrypt@0.0.7
93 error mcrypt@0.0.7 install: `node-gyp rebuild --release`
93 error Exit status 1
94 error Failed at the mcrypt@0.0.7 install script.
94 error This is most likely a problem with the mcrypt package,
94 error not with npm itself.
94 error Tell the author that this fails on your system:
94 error     node-gyp rebuild --release
94 error You can get their info via:
94 error     npm owner ls mcrypt
94 error There is likely additional logging output above.
95 error System Linux 3.16-2-amd64
96 error command "/usr/bin/nodejs" "/usr/bin/npm" "install" "mcrypt"
97 error cwd /home/zurahn/Documents/PHP/thevgpress/app/nodejs
98 error node -v v0.10.29
99 error npm -v 1.4.21
100 error code ELIFECYCLE
101 verbose exit [ 1, true ]
